0 info it worked if it ends with ok
1 verbose cli [ '/usr/bin/node', '/usr/bin/npm', 'install', 'node', '10.16' ]
2 info using npm@3.5.2
3 info using node@v8.10.0
4 silly loadCurrentTree Starting
5 silly install loadCurrentTree
6 silly install readLocalPackageData
7 silly fetchPackageMetaData node
8 silly fetchPackageMetaData 10.16
9 silly fetchNamedPackageData node
10 silly mapToRegistry name node
11 silly mapToRegistry using default registry
12 silly mapToRegistry registry https://registry.npmjs.org/
13 silly mapToRegistry uri https://registry.npmjs.org/node
14 silly fetchNamedPackageData 10.16
15 silly mapToRegistry name 10.16
16 silly mapToRegistry using default registry
17 silly mapToRegistry registry https://registry.npmjs.org/
18 silly mapToRegistry uri https://registry.npmjs.org/10.16
19 verbose request uri https://registry.npmjs.org/node
20 verbose request no auth needed
21 info attempt registry request try #1 at 20:13:34
22 verbose request id 1760ee514f400456
23 http request GET https://registry.npmjs.org/node
24 verbose request uri https://registry.npmjs.org/10.16
25 verbose request no auth needed
26 info attempt registry request try #1 at 20:13:34
27 http request GET https://registry.npmjs.org/10.16
28 http 404 https://registry.npmjs.org/10.16
29 verbose headers { date: 'Thu, 25 Jul 2019 01:13:35 GMT',
29 verbose headers   'content-type': 'application/json',
29 verbose headers   'content-length': '21',
29 verbose headers   connection: 'keep-alive',
29 verbose headers   'set-cookie':
29 verbose headers    [ '__cfduid=d4434bf66bdad71f476a1fc87403481db1564017215; expires=Fri, 24-Jul-20 01:13:35 GMT; path=/; domain=.npmjs.org; HttpOnly' ],
29 verbose headers   'cf-cache-status': 'MISS',
29 verbose headers   'cache-control': 'max-age=300',
29 verbose headers   'cf-ray': '4fba45aa6915d4f5-MIA',
29 verbose headers   'expect-ct': 'max-age=604800, report-uri="https://report-uri.cloudflare.com/cdn-cgi/beacon/expect-ct"',
29 verbose headers   vary: 'accept-encoding, accept',
29 verbose headers   server: 'cloudflare' }
30 silly get cb [ 404,
30 silly get   { date: 'Thu, 25 Jul 2019 01:13:35 GMT',
30 silly get     'content-type': 'application/json',
30 silly get     'content-length': '21',
30 silly get     connection: 'keep-alive',
30 silly get     'set-cookie':
30 silly get      [ '__cfduid=d4434bf66bdad71f476a1fc87403481db1564017215; expires=Fri, 24-Jul-20 01:13:35 GMT; path=/; domain=.npmjs.org; HttpOnly' ],
30 silly get     'cf-cache-status': 'MISS',
30 silly get     'cache-control': 'max-age=300',
30 silly get     'cf-ray': '4fba45aa6915d4f5-MIA',
30 silly get     'expect-ct': 'max-age=604800, report-uri="https://report-uri.cloudflare.com/cdn-cgi/beacon/expect-ct"',
30 silly get     vary: 'accept-encoding, accept',
30 silly get     server: 'cloudflare' } ]
31 silly fetchPackageMetaData Error: Not found : 10.16
31 silly fetchPackageMetaData     at makeError (/usr/share/npm/node_modules/npm-registry-client/lib/request.js:264:12)
31 silly fetchPackageMetaData     at CachingRegistryClient.<anonymous> (/usr/share/npm/node_modules/npm-registry-client/lib/request.js:252:14)
31 silly fetchPackageMetaData     at Request._callback (/usr/share/npm/node_modules/npm-registry-client/lib/request.js:172:14)
31 silly fetchPackageMetaData     at Request.self.callback (/usr/share/npm/node_modules/request/request.js:198:22)
31 silly fetchPackageMetaData     at emitTwo (events.js:126:13)
31 silly fetchPackageMetaData     at Request.emit (events.js:214:7)
31 silly fetchPackageMetaData     at Request.<anonymous> (/usr/share/npm/node_modules/request/request.js:1082:10)
31 silly fetchPackageMetaData     at emitOne (events.js:121:20)
31 silly fetchPackageMetaData     at Request.emit (events.js:211:7)
31 silly fetchPackageMetaData     at IncomingMessage.<anonymous> (/usr/share/npm/node_modules/request/request.js:1009:12)
31 silly fetchPackageMetaData  error for 10.16 { Error: Not found : 10.16
31 silly fetchPackageMetaData     at makeError (/usr/share/npm/node_modules/npm-registry-client/lib/request.js:264:12)
31 silly fetchPackageMetaData     at CachingRegistryClient.<anonymous> (/usr/share/npm/node_modules/npm-registry-client/lib/request.js:252:14)
31 silly fetchPackageMetaData     at Request._callback (/usr/share/npm/node_modules/npm-registry-client/lib/request.js:172:14)
31 silly fetchPackageMetaData     at Request.self.callback (/usr/share/npm/node_modules/request/request.js:198:22)
31 silly fetchPackageMetaData     at emitTwo (events.js:126:13)
31 silly fetchPackageMetaData     at Request.emit (events.js:214:7)
31 silly fetchPackageMetaData     at Request.<anonymous> (/usr/share/npm/node_modules/request/request.js:1082:10)
31 silly fetchPackageMetaData     at emitOne (events.js:121:20)
31 silly fetchPackageMetaData     at Request.emit (events.js:211:7)
31 silly fetchPackageMetaData     at IncomingMessage.<anonymous> (/usr/share/npm/node_modules/request/request.js:1009:12) pkgid: '10.16', statusCode: 404, code: 'E404' }
32 http 200 https://registry.npmjs.org/node
33 verbose headers { date: 'Thu, 25 Jul 2019 01:13:35 GMT',
33 verbose headers   'content-type': 'application/json',
33 verbose headers   'transfer-encoding': 'chunked',
33 verbose headers   connection: 'keep-alive',
33 verbose headers   'set-cookie':
33 verbose headers    [ '__cfduid=dbb755e099cad6a14a68791072cfb8f2a1564017215; expires=Fri, 24-Jul-20 01:13:35 GMT; path=/; domain=.npmjs.org; HttpOnly' ],
33 verbose headers   'cf-cache-status': 'REVALIDATED',
33 verbose headers   'cache-control': 'max-age=300',
33 verbose headers   'cf-ray': '4fba45aa6f9bd535-MIA',
33 verbose headers   etag: 'W/"503e352e2cf398f7c51e95842f664e27"',
33 verbose headers   'expect-ct': 'max-age=604800, report-uri="https://report-uri.cloudflare.com/cdn-cgi/beacon/expect-ct"',
33 verbose headers   'last-modified': 'Wed, 24 Jul 2019 04:55:15 GMT',
33 verbose headers   vary: 'accept-encoding, accept',
33 verbose headers   'x-amz-meta-rev': '484-4626a2e4d10ba7e0c7440623f466d25a',
33 verbose headers   server: 'cloudflare',
33 verbose headers   'content-encoding': 'gzip' }
34 silly get cb [ 200,
34 silly get   { date: 'Thu, 25 Jul 2019 01:13:35 GMT',
34 silly get     'content-type': 'application/json',
34 silly get     'transfer-encoding': 'chunked',
34 silly get     connection: 'keep-alive',
34 silly get     'set-cookie':
34 silly get      [ '__cfduid=dbb755e099cad6a14a68791072cfb8f2a1564017215; expires=Fri, 24-Jul-20 01:13:35 GMT; path=/; domain=.npmjs.org; HttpOnly' ],
34 silly get     'cf-cache-status': 'REVALIDATED',
34 silly get     'cache-control': 'max-age=300',
34 silly get     'cf-ray': '4fba45aa6f9bd535-MIA',
34 silly get     etag: 'W/"503e352e2cf398f7c51e95842f664e27"',
34 silly get     'expect-ct': 'max-age=604800, report-uri="https://report-uri.cloudflare.com/cdn-cgi/beacon/expect-ct"',
34 silly get     'last-modified': 'Wed, 24 Jul 2019 04:55:15 GMT',
34 silly get     vary: 'accept-encoding, accept',
34 silly get     'x-amz-meta-rev': '484-4626a2e4d10ba7e0c7440623f466d25a',
34 silly get     server: 'cloudflare',
34 silly get     'content-encoding': 'gzip' } ]
35 verbose get saving node to /home/paul/.npm/registry.npmjs.org/node/.cache.json
36 silly rollbackFailedOptional Starting
37 silly rollbackFailedOptional Finishing
38 silly runTopLevelLifecycles Starting
39 silly runTopLevelLifecycles Finishing
40 silly install printInstalled
41 verbose stack Error: Not found : 10.16
41 verbose stack     at makeError (/usr/share/npm/node_modules/npm-registry-client/lib/request.js:264:12)
41 verbose stack     at CachingRegistryClient.<anonymous> (/usr/share/npm/node_modules/npm-registry-client/lib/request.js:252:14)
41 verbose stack     at Request._callback (/usr/share/npm/node_modules/npm-registry-client/lib/request.js:172:14)
41 verbose stack     at Request.self.callback (/usr/share/npm/node_modules/request/request.js:198:22)
41 verbose stack     at emitTwo (events.js:126:13)
41 verbose stack     at Request.emit (events.js:214:7)
41 verbose stack     at Request.<anonymous> (/usr/share/npm/node_modules/request/request.js:1082:10)
41 verbose stack     at emitOne (events.js:121:20)
41 verbose stack     at Request.emit (events.js:211:7)
41 verbose stack     at IncomingMessage.<anonymous> (/usr/share/npm/node_modules/request/request.js:1009:12)
42 verbose statusCode 404
43 verbose pkgid 10.16
44 verbose cwd /home/paul/Documentos/menteperdida/ProyectoAmi
45 error Linux 4.15.0-55-generic
46 error argv "/usr/bin/node" "/usr/bin/npm" "install" "node" "10.16"
47 error node v8.10.0
48 error npm  v3.5.2
49 error code E404
50 error 404 Not found : 10.16
51 error 404
52 error 404 '10.16' is not in the npm registry.
53 error 404 You should bug the author to publish it (or use the name yourself!)
54 error 404 Note that you can also install from a
55 error 404 tarball, folder, http url, or git url.
56 verbose exit [ 1, true ]
